Instabot v1.0.1 started at 06.03.2017 20:22:

Trying to login as ragil.creative...

ragil.creative login success!
Completed populating user blacklist with IDs
# MODE 0 = ORIGINAL MODE BY LEVPASHA
## MODE 1 = MODIFIED MODE BY KEMONG
### MODE 2 = ORIGINAL MODE + UNFOLLOW WHO DON'T FOLLOW BACK
#### MODE 3 = MODIFIED MODE : UNFOLLOW PEOPLE WHO DON'T FOLLOW BACK BASED ON RECENT FEED ONLY
##### MODE 4 = MODIFIED MODE : FOLLOW PEOPLE BASED ON RECENT FEED ONLY
###### MODE 5 = MODIFIED MODE : JUST UNFOLLOW EVERYBODY, EITHER YOUR FOLLOWER OR NOT
You choose mode : 4
CTRL + C to cancel this operation or wait 3 seconds to start
reading old following list....
trying to read old following list...please wait dammit !!
error reading file !!
ragil.creative : Get media id on recent feed 
 06.03.2017 20:22
Media in recent feed = 24
ragil.creative : Get user info 
06.03.2017 20:22
Checking user info..
Follower : 415
Following : 590
Media : 503
   >>>This is a normal account
   >>>This user is active
   >>>This account is following you
   >>>You are following this account
======> Get media id by user: ikha_ruung <======
Get media by user success!
Current Index = 8 of 12 medias
Get user id on post page
User likes this post = 22
Username = allyu_longka
      ID = 2229970819      <<< added to user info list
Username = nicheajuliantha
      ID = 1696272841      <<< added to user info list
Username = novissalim
      ID = 1444562218      <<< added to user info list
Username = feibymacpall
      ID = 2071892242      <<< added to user info list
Username = lilylakoro
      ID = 1244327175      <<< added to user info list
Username = raheelcyntia
      ID = 2251877228      <<< added to user info list
Username = dedemlarope
      ID = 1664579491      <<< added to user info list
Username = charligregorius
      ID = 3559857950      <<< added to user info list
Username = jiebz_risal
      ID = 2016012973      <<< added to user info list
Username = lidyiapotabuga
      ID = 1423118552      <<< added to user info list

Size of user info list : 10 Size of ex user list : 0 

Current Index = 4 of 11 medias
Get user id on post page
User likes this post = 9
Username = lizagutwein
      ID = 499253733      <<< added to user info list
Username = chairil8310
      ID = 4475180259      <<< added to user info list
Username = meilanbendah
      ID = 2316710837      <<< added to user info list
Username = anggaratazim
      ID = 1947157043      <<< added to user info list
Username = agusalhabsy03
      ID = 4270313460      <<< added to user info list
Username = msabanari
      ID = 2271943457      <<< added to user info list
Username = chitralumenta
      ID = 1524786113      <<< added to user info list
Username = felicia.arantxa
      ID = 333075892      <<< added to user info list
Username = oldybrains
      ID = 1132863324      <<< added to user info list

Size of user info list : 19 Size of ex user list : 0 

ragil.creative : Get media id on recent feed 
 06.03.2017 20:23
Media in recent feed = 24
ragil.creative : Get user info 
06.03.2017 20:23
Checking user info..
Follower : 492
Following : 181
Media : 491
   >>>This is a normal account
   >>>This user is active
   >>>This account is following you
   >>>You are following this account
======> Get media id by user: yenninahampun <======
Get media by user success!
Current Index = 0 of 12 medias
Get user id on post page
User likes this post = 26
Username = eyla_mukminin
      ID = 1554980197      <<< added to user info list
Username = mozhayla
      ID = 1236233519      <<< added to user info list
Username = abdulwahid_11
      ID = 4428342983      <<< added to user info list
Username = widya_harahap
      ID = 1429770793      <<< added to user info list
Username = yokybarus
      ID = 1530024162      <<< added to user info list
Username = krisnamaria24
      ID = 3079373417      <<< added to user info list
Username = wenny_gabe
      ID = 2004345949      <<< added to user info list
Username = ida.agustina.siburian
      ID = 2345735194      <<< added to user info list
Username = fahri7235
      ID = 4279209716      <<< added to user info list
Username = yenninahampun
      ID = 1924687213      <<< added to user info list

Size of user info list : 29 Size of ex user list : 1 

Current Index = 9 of 11 medias
Get user id on post page
User likes this post = 57
Username = trisnawatipurba
      ID = 1938707413      <<< added to user info list
Username = siboru_gultom
      ID = 3323141394      <<< added to user info list
Username = widya_harahap
      ID = 1429770793      <<< rejected this user is already in user info list!!!
Username = fransiska_bunga_simanjuntak_
      ID = 3917177980      <<< added to user info list
Username = iniranahampun
      ID = 717841388      <<< added to user info list
Username = risky_boy90
      ID = 2240634323      <<< added to user info list
Username = fitrisimanjuntak96
      ID = 2542320541      <<< added to user info list
Username = lusinahampun
      ID = 1636204140      <<< added to user info list
Username = sriagustianingsih
      ID = 915164679      <<< added to user info list
Username = ulfasyahriani17
      ID = 1448300985      <<< added to user info list

Size of user info list : 38 Size of ex user list : 1 

=============== 
Check profile of sriagustianingsih
===============
ragil.creative : Get user info 
06.03.2017 20:25
Checking user info..
Follower : 636
Following : 413
Media : 241
   >>>This is a normal account
   >>>This user is active
   >>>This account is NOT following you
   >>>You are NOT following this account
Trying to follow : sriagustianingsih with user ID :915164679
Followed: 915164679 #1.
delete sriagustianingsih from user info list
=============== 
Check profile of chairil8310
===============
ragil.creative : Get user info 
06.03.2017 20:27
Checking user info..
Follower : 214
Following : 331
Media : 17
   >>>This is a normal account
   >>>This user is passive
   >>>This account is NOT following you
   >>>You are NOT following this account
delete chairil8310 from user info list
=============== 
Check profile of siboru_gultom
===============
ragil.creative : Get user info 
06.03.2017 20:28
Checking user info..
Follower : 860
Following : 1414
Media : 254
   >>>This is a normal account
   >>>This user is active
   >>>This account is NOT following you
   >>>You are NOT following this account
Trying to follow : siboru_gultom with user ID :3323141394
Followed: 3323141394 #2.
delete siboru_gultom from user info list
=============== 
Check profile of msabanari
===============
ragil.creative : Get user info 
06.03.2017 20:30
Checking user info..
Follower : 629
Following : 1458
Media : 247
   >>>This is a normal account
   >>>This user is active
   >>>This account is NOT following you
   >>>You are NOT following this account
Trying to follow : msabanari with user ID :2271943457
Followed: 2271943457 #3.
delete msabanari from user info list
=============== 
Check profile of ida.agustina.siburian
===============
ragil.creative : Get user info 
06.03.2017 20:32
Checking user info..
Follower : 639
Following : 519
Media : 67
   >>>This is a normal account
   >>>This user is active
   >>>This account is NOT following you
   >>>You are NOT following this account
Trying to follow : ida.agustina.siburian with user ID :2345735194
Followed: 2345735194 #4.
delete ida.agustina.siburian from user info list
=============== 
Check profile of lusinahampun
===============
ragil.creative : Get user info 
06.03.2017 20:34
Checking user info..
Follower : 227
Following : 179
Media : 75
   >>>This is a normal account
   >>>This user is active
   >>>This account is NOT following you
   >>>You are NOT following this account
Trying to follow : lusinahampun with user ID :1636204140
Followed: 1636204140 #5.
delete lusinahampun from user info list
=============== 
Check profile of nicheajuliantha
===============
ragil.creative : Get user info 
06.03.2017 20:36
Checking user info..
Follower : 991
Following : 3265
Media : 98
   >>>This is probably Fake account
   >>>This user is passive
   >>>This account is NOT following you
   >>>You are NOT following this account
delete nicheajuliantha from user info list
=============== 
Check profile of chitralumenta
===============
ragil.creative : Get user info 
06.03.2017 20:36
Checking user info..
Follower : 615
Following : 585
Media : 443
   >>>This is a normal account
   >>>This user is active
   >>>This account is NOT following you
   >>>You are NOT following this account
Trying to follow : chitralumenta with user ID :1524786113
Followed: 1524786113 #6.
delete chitralumenta from user info list
=============== 
Check profile of krisnamaria24
===============
ragil.creative : Get user info 
06.03.2017 20:38
Checking user info..
Follower : 467
Following : 160
Media : 308
   >>>This is a normal account
   >>>This user is active
   >>>This account is NOT following you
   >>>You are NOT following this account
Trying to follow : krisnamaria24 with user ID :3079373417
Followed: 3079373417 #7.
delete krisnamaria24 from user info list
=============== 
Check profile of anggaratazim
===============
ragil.creative : Get user info 
06.03.2017 20:40
Checking user info..
Follower : 723
Following : 578
Media : 303
   >>>This is a normal account
   >>>This user is active
   >>>This account is NOT following you
   >>>You are NOT following this account
Trying to follow : anggaratazim with user ID :1947157043
Followed: 1947157043 #8.
delete anggaratazim from user info list
=============== 
Check profile of dedemlarope
===============
ragil.creative : Get user info 
06.03.2017 21:30
Checking user info..
Follower : 487
Following : 1745
Media : 27
   >>>This is probably Fake account
   >>>This user is passive
   >>>This account is NOT following you
   >>>You are NOT following this account
delete dedemlarope from user info list
=============== 
Check profile of abdulwahid_11
===============
ragil.creative : Get user info 
06.03.2017 21:30
Checking user info..
Follower : 114
Following : 93
Media : 21
   >>>This is a normal account
   >>>This user is active
   >>>This account is NOT following you
   >>>You are NOT following this account
Trying to follow : abdulwahid_11 with user ID :4428342983
Followed: 4428342983 #9.
delete abdulwahid_11 from user info list
=============== 
Check profile of fahri7235
===============
ragil.creative : Get user info 
06.03.2017 21:32
Checking user info..
Follower : 547
Following : 3439
Media : 195
   >>>This is probably Fake account
   >>>This user is passive
   >>>This account is NOT following you
   >>>You are NOT following this account
delete fahri7235 from user info list
=============== 
Check profile of iniranahampun
===============
ragil.creative : Get user info 
06.03.2017 21:33
Checking user info..
Follower : 645
Following : 212
Media : 75
   >>>This is probably Selebgram account
   >>>This user is active
   >>>This account is NOT following you
   >>>You are NOT following this account
Trying to follow : iniranahampun with user ID :717841388
Followed: 717841388 #10.
delete iniranahampun from user info list
Logout: likes - 0, follow - 10, unfollow - 0, comments - 0.
Bot work time: 18:54:59.926525
Logout success!
Exception KeyError: KeyError(-1219557632,) in <module 'threading' from '/usr/lib/python2.7/threading.pyc'> ignored
Instabot v1.0.1 started at 09.03.2017 19:54:

Trying to login as ragil.creative...

ragil.creative login success!
Completed populating user blacklist with IDs
# MODE 0 = ORIGINAL MODE BY LEVPASHA
## MODE 1 = MODIFIED MODE BY KEMONG
### MODE 2 = ORIGINAL MODE + UNFOLLOW WHO DON'T FOLLOW BACK
#### MODE 3 = MODIFIED MODE : UNFOLLOW PEOPLE WHO DON'T FOLLOW BACK BASED ON RECENT FEED ONLY
##### MODE 4 = MODIFIED MODE : FOLLOW PEOPLE BASED ON RECENT FEED ONLY
###### MODE 5 = MODIFIED MODE : JUST UNFOLLOW EVERYBODY, EITHER YOUR FOLLOWER OR NOT
You choose mode : 4
CTRL + C to cancel this operation or wait 3 seconds to start
Traceback (most recent call last):
  File "ragil.py", line 49, in <module>
    time.sleep(3)
KeyboardInterrupt
Logout: likes - 0, follow - 0, unfollow - 0, comments - 0.
Bot work time: 0:00:11.107886
Logout success!
Exception KeyError: KeyError(-1218910464,) in <module 'threading' from '/usr/lib/python2.7/threading.pyc'> ignored
Instabot v1.0.1 started at 17.04.2017 08:17:

Trying to login as ragil.creative...

ragil.creative login success!
Completed populating user blacklist with IDs
# MODE 0 = ORIGINAL MODE BY LEVPASHA
## MODE 1 = MODIFIED MODE BY KEMONG
### MODE 2 = ORIGINAL MODE + UNFOLLOW WHO DON'T FOLLOW BACK
#### MODE 3 = MODIFIED MODE : UNFOLLOW PEOPLE WHO DON'T FOLLOW BACK BASED ON RECENT FEED ONLY
##### MODE 4 = MODIFIED MODE : FOLLOW PEOPLE BASED ON RECENT FEED ONLY
###### MODE 5 = MODIFIED MODE : JUST UNFOLLOW EVERYBODY, EITHER YOUR FOLLOWER OR NOT
You choose mode : 3
CTRL + C to cancel this operation or wait 3 seconds to start
reading old following list....
trying to read old following list...please wait dammit !!
reading file finished !!
ragil.creative : Get media id on recent feed 
 17.04.2017 08:18
Media in recent feed = 24
ragil.creative : Get user info 
17.04.2017 08:18
Checking user info..
Follower : 761
Following : 850
Media : 226
   >>>This is a normal account
   >>>This user is active
   >>>This account is following you
   >>>You are following this account
======> Get media id by user: anna.syawa <======
Get media by user success!
@@@@@@@@@@@@@@ This is your follower B****h!!! @@@@@@@@@@@@@
ragil.creative : Get media id on recent feed 
 17.04.2017 08:18
Media in recent feed = 24
ragil.creative : Get user info 
17.04.2017 08:18
Checking user info..
Follower : 370
Following : 623
Media : 181
   >>>This is a normal account
   >>>This user is active
   >>>This account is following you
   >>>You are following this account
======> Get media id by user: riina_herdiansyah <======
Get media by user success!
@@@@@@@@@@@@@@ This is your follower B****h!!! @@@@@@@@@@@@@
ragil.creative : Get media id on recent feed 
 17.04.2017 08:19
Media in recent feed = 24
ragil.creative : Get user info 
17.04.2017 08:19
Checking user info..
Follower : 178
Following : 197
Media : 65
   >>>This is a normal account
   >>>This user is active
   >>>This account is NOT following you
   >>>You are following this account
======> Get media id by user: julieep27 <======
Get media by user success!
Current Index = 2 of 12 medias
Trying to like media: 1491570718726248132
Liked: 1491570718726248132. Likes: #12.
Current Index = 7 of 11 medias
Trying to like media: 1487962240581409374
Liked: 1487962240581409374. Likes: #22.
Trying to unfollow: julieep27
Unfollow: julieep27 #1.
ragil.creative : Get media id on recent feed 
 17.04.2017 08:22
Media in recent feed = 24
ragil.creative : Get user info 
17.04.2017 08:22
Checking user info..
Follower : 1063
Following : 984
Media : 540
   >>>This is a normal account
   >>>This user is active
   >>>This account is following you
   >>>You are following this account
======> Get media id by user: nurlailasaripriatna <======
Get media by user success!
@@@@@@@@@@@@@@ This is your follower B****h!!! @@@@@@@@@@@@@
ragil.creative : Get media id on recent feed 
 17.04.2017 08:22
Media in recent feed = 24
ragil.creative : Get user info 
17.04.2017 08:22
Checking user info..
Follower : 976
Following : 282
Media : 1449
   >>>This is probably Selebgram account
   >>>This user is active
   >>>This account is following you
   >>>You are following this account
======> Get media id by user: alea.andien <======
XXXXXXX Except on get_media! XXXXXXX
@@@@@@@@@@@@@@ This is your follower B****h!!! @@@@@@@@@@@@@
Trying to unfollow: alea.andien
Unfollow: alea.andien #2.
ragil.creative : Get media id on recent feed 
 17.04.2017 08:24
Media in recent feed = 24
ragil.creative : Get user info 
17.04.2017 08:24
Checking user info..
Follower : 19
Following : 39
Media : 86
   >>>This is a normal account
   >>>This user is active
   >>>This account is NOT following you
   >>>You are following this account
======> Get media id by user: donyone1994 <======
Get media by user success!
Current Index = 2 of 12 medias
Trying to like media: 1493061108599323999
Liked: 1493061108599323999. Likes: #4.
Current Index = 10 of 11 medias
Trying to like media: 1486395853047369824
Liked: 1486395853047369824. Likes: #4.
Trying to unfollow: donyone1994
Unfollow: donyone1994 #3.
ragil.creative : Get media id on recent feed 
 17.04.2017 08:27
Media in recent feed = 24
ragil.creative : Get user info 
17.04.2017 08:27
Checking user info..
Follower : 204
Following : 138
Media : 215
   >>>This is a normal account
   >>>This user is active
   >>>This account is NOT following you
   >>>You are following this account
======> Get media id by user: brownhae85 <======
Get media by user success!
Current Index = 10 of 12 medias
Trying to like media: 1492281822125996958
Liked: 1492281822125996958. Likes: #78.
Current Index = 0 of 11 medias
Trying to like media: 1494791955859032522
Liked: 1494791955859032522. Likes: #26.
Trying to unfollow: brownhae85
Unfollow: brownhae85 #4.
ragil.creative : Get media id on recent feed 
 17.04.2017 08:30
Media in recent feed = 24
ragil.creative : Get user info 
17.04.2017 08:30
Checking user info..
Follower : 844
Following : 811
Media : 18
   >>>This is a normal account
   >>>This user is passive
   >>>This account is NOT following you
   >>>You are following this account
======> Get media id by user: fransiska_lks <======
Reject this account 
=================== 
Reason : 
   Is Selebgram : False 
   Is Fake Account : False 
   Is Active User : False 

Trying to unfollow: fransiska_lks
Unfollow: fransiska_lks #5.
ragil.creative : Get media id on recent feed 
 17.04.2017 08:32
Media in recent feed = 24
ragil.creative : Get user info 
17.04.2017 08:32
Checking user info..
Follower : 831
Following : 712
Media : 121
   >>>This is a normal account
   >>>This user is active
   >>>This account is following you
   >>>You are following this account
======> Get media id by user: shofaranink <======
Get media by user success!
@@@@@@@@@@@@@@ This is your follower B****h!!! @@@@@@@@@@@@@
ragil.creative : Get media id on recent feed 
 17.04.2017 08:32
Media in recent feed = 24
ragil.creative : Get user info 
17.04.2017 08:32
Checking user info..
Follower : 1554
Following : 3054
Media : 665
   >>>This is a normal account
   >>>This user is active
   >>>This account is NOT following you
   >>>You are following this account
======> Get media id by user: dzerolover <======
Get media by user success!
Current Index = 4 of 12 medias
Trying to like media: 1494829516831446189
Liked: 1494829516831446189. Likes: #6.
Current Index = 8 of 11 medias
Trying to like media: 1494824604286421893
Liked: 1494824604286421893. Likes: #12.
Trying to unfollow: dzerolover
Unfollow: dzerolover #6.
ragil.creative : Get media id on recent feed 
 17.04.2017 08:35
Media in recent feed = 24
ragil.creative : Get user info 
17.04.2017 08:35
Checking user info..
Follower : 594
Following : 1055
Media : 1091
   >>>This is a normal account
   >>>This user is active
   >>>This account is following you
   >>>You are following this account
======> Get media id by user: indah_chayatunnisa <======
Get media by user success!
@@@@@@@@@@@@@@ This is your follower B****h!!! @@@@@@@@@@@@@
ragil.creative : Get media id on recent feed 
 17.04.2017 08:36
Media in recent feed = 24
ragil.creative : Get user info 
17.04.2017 08:36
Checking user info..
Follower : 1063
Following : 984
Media : 542
   >>>This is a normal account
   >>>This user is active
   >>>This account is following you
   >>>You are following this account
======> Get media id by user: nurlailasaripriatna <======
Get media by user success!
@@@@@@@@@@@@@@ This is your follower B****h!!! @@@@@@@@@@@@@
ragil.creative : Get media id on recent feed 
 17.04.2017 08:36
Media in recent feed = 24
ragil.creative : Get user info 
17.04.2017 08:36
Checking user info..
Follower : 341
Following : 540
Media : 200
   >>>This is a normal account
   >>>This user is active
   >>>This account is following you
   >>>You are following this account
======> Get media id by user: intanpermattaasarii <======
Get media by user success!
@@@@@@@@@@@@@@ This is your follower B****h!!! @@@@@@@@@@@@@
ragil.creative : Get media id on recent feed 
 17.04.2017 08:36
Media in recent feed = 24
ragil.creative : Get user info 
17.04.2017 08:37
Checking user info..
Follower : 240
Following : 208
Media : 139
   >>>This is a normal account
   >>>This user is active
   >>>This account is NOT following you
   >>>You are following this account
======> Get media id by user: sandy_sapoutra <======
Get media by user success!
Current Index = 10 of 12 medias
Trying to like media: 1485368614110124122
Liked: 1485368614110124122. Likes: #63.
Current Index = 5 of 11 medias
Trying to like media: 1490624402047111637
Liked: 1490624402047111637. Likes: #44.
Current Index = 4 of 10 medias
Trying to like media: 1492060901162867689
Liked: 1492060901162867689. Likes: #26.
Trying to unfollow: sandy_sapoutra
Unfollow: sandy_sapoutra #7.
ragil.creative : Get media id on recent feed 
 17.04.2017 08:40
Media in recent feed = 24
ragil.creative : Get user info 
17.04.2017 08:40
Checking user info..
Follower : 822
Following : 1140
Media : 253
   >>>This is a normal account
   >>>This user is active
   >>>This account is NOT following you
   >>>You are following this account
======> Get media id by user: clarita_cheungmanhowe <======
Get media by user success!
Current Index = 2 of 12 medias
Trying to like media: 1494656327383914272
Liked: 1494656327383914272. Likes: #99.
Current Index = 4 of 11 medias
Trying to like media: 1494483814284751488
Liked: 1494483814284751488. Likes: #41.
Current Index = 8 of 10 medias
Trying to like media: 1493289907706328583
Liked: 1493289907706328583. Likes: #91.
Current Index = 5 of 9 medias
Trying to like media: 1494069423433131388
Liked: 1494069423433131388. Likes: #114.
Trying to unfollow: clarita_cheungmanhowe
Unfollow: clarita_cheungmanhowe #8.
ragil.creative : Get media id on recent feed 
 17.04.2017 08:45
Media in recent feed = 24
ragil.creative : Get user info 
17.04.2017 08:45
Checking user info..
Follower : 223
Following : 98
Media : 139
   >>>This is a normal account
   >>>This user is active
   >>>This account is NOT following you
   >>>You are following this account
======> Get media id by user: damar8820 <======
Get media by user success!
Current Index = 0 of 12 medias
Trying to like media: 1494720467511328414
Liked: 1494720467511328414. Likes: #15.
Current Index = 2 of 11 medias
Trying to like media: 1493840739166505063
Liked: 1493840739166505063. Likes: #19.
Current Index = 9 of 10 medias
Trying to like media: 1487836720749078685
Liked: 1487836720749078685. Likes: #21.
Trying to unfollow: damar8820
Unfollow: damar8820 #9.
ragil.creative : Get media id on recent feed 
 17.04.2017 08:48
Media in recent feed = 24
ragil.creative : Get user info 
17.04.2017 08:48
Checking user info..
Follower : 1036
Following : 141
Media : 337
   >>>This is probably Selebgram account
   >>>This user is active
   >>>This account is NOT following you
   >>>You are following this account
======> Get media id by user: intan_vhiey <======
XXXXXXX Except on get_media! XXXXXXX
ragil.creative : Get user info 
17.04.2017 08:49
Checking user info..
Follower : 1036
Following : 141
Media : 337
   >>>This is probably Selebgram account
   >>>This user is active
   >>>This account is NOT following you
   >>>You are following this account
======> Get media id by user: intan_vhiey <======
XXXXXXX Except on get_media! XXXXXXX
ragil.creative : Get user info 
17.04.2017 08:50
Checking user info..
Follower : 1036
Following : 141
Media : 337
   >>>This is probably Selebgram account
   >>>This user is active
   >>>This account is NOT following you
   >>>You are following this account
======> Get media id by user: intan_vhiey <======
XXXXXXX Except on get_media! XXXXXXX
Trying to unfollow: intan_vhiey
Unfollow: intan_vhiey #10.
ragil.creative : Get media id on recent feed 
 17.04.2017 08:52
Media in recent feed = 24
ragil.creative : Get user info 
17.04.2017 08:52
Checking user info..
Follower : 254
Following : 458
Media : 204
   >>>This is a normal account
   >>>This user is active
   >>>This account is NOT following you
   >>>You are following this account
======> Get media id by user: uchin1654 <======
Get media by user success!
Current Index = 1 of 12 medias
Trying to like media: 1494628523904949927
Liked: 1494628523904949927. Likes: #8.
Current Index = 2 of 11 medias
Trying to like media: 1494034539105044703
Liked: 1494034539105044703. Likes: #14.
Current Index = 7 of 10 medias
Trying to like media: 1492442418443182745
Liked: 1492442418443182745. Likes: #15.
Trying to unfollow: uchin1654
Unfollow: uchin1654 #11.
ragil.creative : Get media id on recent feed 
 17.04.2017 08:56
Media in recent feed = 24
ragil.creative : Get user info 
17.04.2017 08:56
Checking user info..
Follower : 692
Following : 1038
Media : 135
   >>>This is a normal account
   >>>This user is active
   >>>This account is NOT following you
   >>>You are following this account
======> Get media id by user: fennynidi <======
Get media by user success!
Current Index = 7 of 12 medias
Trying to like media: 1490509570081047891
Liked: 1490509570081047891. Likes: #60.
Current Index = 10 of 11 medias
Trying to like media: 1487413206891771909
Liked: 1487413206891771909. Likes: #60.
Trying to unfollow: fennynidi
Unfollow: fennynidi #12.
ragil.creative : Get media id on recent feed 
 17.04.2017 08:59
Media in recent feed = 24
ragil.creative : Get user info 
17.04.2017 08:59
Checking user info..
Follower : 924
Following : 1627
Media : 344
   >>>This is a normal account
   >>>This user is active
   >>>This account is following you
   >>>You are following this account
======> Get media id by user: citraroromendut_boyolali <======
Get media by user success!
@@@@@@@@@@@@@@ This is your follower B****h!!! @@@@@@@@@@@@@
ragil.creative : Get media id on recent feed 
 17.04.2017 08:59
Media in recent feed = 24
ragil.creative : Get user info 
17.04.2017 08:59
Checking user info..
Follower : 581
Following : 324
Media : 105
   >>>This is a normal account
   >>>This user is active
   >>>This account is NOT following you
   >>>You are following this account
======> Get media id by user: fanyayunt_cipan <======
Get media by user success!
Current Index = 5 of 12 medias
Trying to like media: 1493448026097625803
Liked: 1493448026097625803. Likes: #48.
Current Index = 8 of 11 medias
Trying to like media: 1493329850240278456
Liked: 1493329850240278456. Likes: #73.
Current Index = 3 of 10 medias
Trying to like media: 1493540869751439006
Liked: 1493540869751439006. Likes: #53.
Trying to unfollow: fanyayunt_cipan
Unfollow: fanyayunt_cipan #13.
ragil.creative : Get media id on recent feed 
 17.04.2017 09:03
Media in recent feed = 24
ragil.creative : Get user info 
17.04.2017 09:03
Checking user info..
Follower : 483
Following : 1150
Media : 1784
   >>>This is a normal account
   >>>This user is active
   >>>This account is NOT following you
   >>>You are following this account
======> Get media id by user: nasya_dnf22 <======
Get media by user success!
Current Index = 2 of 12 medias
Trying to like media: 1494768165850495032
Liked: 1494768165850495032. Likes: #9.
Current Index = 2 of 11 medias
Trying to like media: 1494754807646627627
Liked: 1494754807646627627. Likes: #15.
Current Index = 9 of 10 medias
Trying to like media: 1493244001914230575
Liked: 1493244001914230575. Likes: #23.
Current Index = 5 of 9 medias
Trying to like media: 1493937274051961648
Liked: 1493937274051961648. Likes: #27.
Trying to unfollow: nasya_dnf22
Unfollow: nasya_dnf22 #14.
ragil.creative : Get media id on recent feed 
 17.04.2017 09:17
Media in recent feed = 24
ragil.creative : Get user info 
17.04.2017 09:17
Checking user info..
Follower : 1790
Following : 291
Media : 496
   >>>This is probably Selebgram account
   >>>This user is active
   >>>This account is NOT following you
   >>>You are following this account
======> Get media id by user: wanzebro_92 <======
XXXXXXX Except on get_media! XXXXXXX
ragil.creative : Get user info 
17.04.2017 09:18
Checking user info..
Follower : 1790
Following : 291
Media : 496
   >>>This is probably Selebgram account
   >>>This user is active
   >>>This account is NOT following you
   >>>You are following this account
======> Get media id by user: wanzebro_92 <======
XXXXXXX Except on get_media! XXXXXXX
ragil.creative : Get user info 
17.04.2017 09:19
Checking user info..
Follower : 1790
Following : 291
Media : 496
   >>>This is probably Selebgram account
   >>>This user is active
   >>>This account is NOT following you
   >>>You are following this account
======> Get media id by user: wanzebro_92 <======
XXXXXXX Except on get_media! XXXXXXX
ragil.creative : Get user info 
17.04.2017 09:20
Checking user info..
Follower : 1790
Following : 291
Media : 496
   >>>This is probably Selebgram account
   >>>This user is active
   >>>This account is NOT following you
   >>>You are following this account
======> Get media id by user: wanzebro_92 <======
XXXXXXX Except on get_media! XXXXXXX
Trying to unfollow: wanzebro_92
Unfollow: wanzebro_92 #15.
ragil.creative : Get media id on recent feed 
 17.04.2017 09:22
Media in recent feed = 24
ragil.creative : Get user info 
17.04.2017 09:22
Checking user info..
Follower : 530
Following : 468
Media : 55
   >>>This is a normal account
   >>>This user is active
   >>>This account is NOT following you
   >>>You are following this account
======> Get media id by user: adellitasr <======
Get media by user success!
Current Index = 2 of 12 medias
Trying to like media: 1489616380914406639
Liked: 1489616380914406639. Likes: #101.
Current Index = 10 of 11 medias
Trying to like media: 1470098914467238660
Liked: 1470098914467238660. Likes: #114.
Current Index = 1 of 10 medias
Trying to like media: 1490918357468437405
Liked: 1490918357468437405. Likes: #145.
Trying to unfollow: adellitasr
Unfollow: adellitasr #16.
ragil.creative : Get media id on recent feed 
 17.04.2017 09:35
Media in recent feed = 24
ragil.creative : Get user info 
17.04.2017 09:35
Checking user info..
Follower : 234
Following : 649
Media : 170
   >>>This is a normal account
   >>>This user is active
   >>>This account is following you
   >>>You are following this account
======> Get media id by user: junadibybong <======
Get media by user success!
@@@@@@@@@@@@@@ This is your follower B****h!!! @@@@@@@@@@@@@
ragil.creative : Get media id on recent feed 
 17.04.2017 09:36
Media in recent feed = 24
ragil.creative : Get user info 
17.04.2017 09:36
Checking user info..
Follower : 926
Following : 361
Media : 3382
   >>>This is a normal account
   >>>This user is active
   >>>This account is NOT following you
   >>>You are following this account
======> Get media id by user: sumayyah_store_os <======
Get media by user success!
Current Index = 8 of 12 medias
Trying to like media: 1494746296002807841
Liked: 1494746296002807841. Likes: #1.
Current Index = 6 of 11 medias
Trying to like media: 1494755796688586676
Liked: 1494755796688586676. Likes: #2.
Current Index = 6 of 10 medias
Trying to like media: 1494747367622361373
Liked: 1494747367622361373. Likes: #3.
Current Index = 0 of 9 medias
Trying to like media: 1494773835593358103
Liked: 1494773835593358103. Likes: #0.
Trying to unfollow: sumayyah_store_os
Unfollow: sumayyah_store_os #17.
ragil.creative : Get media id on recent feed 
 17.04.2017 10:10
Media in recent feed = 24
ragil.creative : Get user info 
17.04.2017 10:10
Checking user info..
Follower : 1445
Following : 2260
Media : 2978
   >>>This is a normal account
   >>>This user is active
   >>>This account is following you
   >>>You are following this account
======> Get media id by user: robseira23 <======
Get media by user success!
@@@@@@@@@@@@@@ This is your follower B****h!!! @@@@@@@@@@@@@
ragil.creative : Get media id on recent feed 
 17.04.2017 10:11
Media in recent feed = 24
ragil.creative : Get user info 
17.04.2017 10:11
Checking user info..
Follower : 15
Following : 32
Media : 14
   >>>This is a normal account
   >>>This user is active
   >>>This account is NOT following you
   >>>You are following this account
======> Get media id by user: rumini.april <======
Get media by user success!
Current Index = 4 of 12 medias
Trying to like media: 1459193550087585254
Liked: 1459193550087585254. Likes: #2.
Current Index = 7 of 11 medias
Trying to like media: 1423688351383582035
Liked: 1423688351383582035. Likes: #3.
Current Index = 8 of 10 medias
Trying to like media: 1420243014308548345
Liked: 1420243014308548345. Likes: #1.
Trying to unfollow: rumini.april
Unfollow: rumini.april #18.
ragil.creative : Get media id on recent feed 
 17.04.2017 10:15
Media in recent feed = 24
ragil.creative : Get user info 
17.04.2017 10:15
Checking user info..
Follower : 1012
Following : 619
Media : 424
   >>>This is a normal account
   >>>This user is active
   >>>This account is NOT following you
   >>>You are following this account
======> Get media id by user: luthfilpcs <======
Get media by user success!
Current Index = 3 of 12 medias
Trying to like media: 1494306021472278977
Liked: 1494306021472278977. Likes: #84.
Current Index = 2 of 11 medias
Trying to like media: 1494361739974029021
Liked: 1494361739974029021. Likes: #87.
Trying to unfollow: luthfilpcs
Unfollow: luthfilpcs #19.
ragil.creative : Get media id on recent feed 
 17.04.2017 10:18
Media in recent feed = 24
ragil.creative : Get user info 
17.04.2017 10:18
Checking user info..
Follower : 633
Following : 594
Media : 551
   >>>This is a normal account
   >>>This user is active
   >>>This account is NOT following you
   >>>You are following this account
======> Get media id by user: gilang_kembung <======
Get media by user success!
Current Index = 8 of 12 medias
Trying to like media: 1488951763641715202
Liked: 1488951763641715202. Likes: #104.
Current Index = 7 of 11 medias
Trying to like media: 1489766665025298040
Liked: 1489766665025298040. Likes: #83.
Current Index = 2 of 10 medias
Trying to like media: 1493338341205894178
Liked: 1493338341205894178. Likes: #57.
Trying to unfollow: gilang_kembung
Unfollow: gilang_kembung #20.
ragil.creative : Get media id on recent feed 
 17.04.2017 10:51
Media in recent feed = 24
ragil.creative : Get user info 
17.04.2017 10:51
Checking user info..
Follower : 460
Following : 517
Media : 105
   >>>This is a normal account
   >>>This user is active
   >>>This account is NOT following you
   >>>You are following this account
======> Get media id by user: ivan_septriadi <======
Get media by user success!
Current Index = 2 of 12 medias
Trying to like media: 1488414722893883731
Liked: 1488414722893883731. Likes: #78.
Current Index = 4 of 11 medias
Trying to like media: 1476977040024243909
Liked: 1476977040024243909. Likes: #64.
Current Index = 4 of 10 medias
Trying to like media: 1476971809752471479
Liked: 1476971809752471479. Likes: #71.
Current Index = 3 of 9 medias
Trying to like media: 1480424618040497192
Liked: 1480424618040497192. Likes: #86.
Trying to unfollow: ivan_septriadi
Unfollow: ivan_septriadi #21.
ragil.creative : Get media id on recent feed 
 17.04.2017 11:56
Media in recent feed = 24
ragil.creative : Get user info 
17.04.2017 11:56
Checking user info..
Follower : 286
Following : 161
Media : 78
   >>>This is a normal account
   >>>This user is active
   >>>This account is NOT following you
   >>>You are following this account
======> Get media id by user: elaydrs <======
Get media by user success!
Current Index = 8 of 12 medias
Trying to like media: 1481077123615427125
Liked: 1481077123615427125. Likes: #38.
Current Index = 7 of 11 medias
Trying to like media: 1481690522154015755
Liked: 1481690522154015755. Likes: #36.
Trying to unfollow: elaydrs
Unfollow: elaydrs #22.
ragil.creative : Get media id on recent feed 
 17.04.2017 11:59
Media in recent feed = 24
ragil.creative : Get user info 
17.04.2017 11:59
Checking user info..
Follower : 892
Following : 1288
Media : 1258
   >>>This is a normal account
   >>>This user is active
   >>>This account is NOT following you
   >>>You are following this account
======> Get media id by user: elf_clouds93 <======
Get media by user success!
Current Index = 0 of 12 medias
Trying to like media: 1494930323773934482
Liked: 1494930323773934482. Likes: #7.
Current Index = 3 of 11 medias
Trying to like media: 1494916675290635360
Liked: 1494916675290635360. Likes: #8.
Current Index = 9 of 10 medias
Trying to like media: 1494905377152568052
Liked: 1494905377152568052. Likes: #13.
Current Index = 4 of 9 medias
Trying to like media: 1494915814351049342
Liked: 1494915814351049342. Likes: #11.
Trying to unfollow: elf_clouds93
Unfollow: elf_clouds93